[    2931ms] [ERROR] WebSocket connection to 'wss://droidclaw.stack.mascott.ai/ws/dashboard' failed: Error during WebSocket handshake: Unexpected response code: 404 @ https://droidclaw-app.stack.mascott.ai/_app/immutable/chunks/ChvOQFd2.js:0
[    6356ms] [ERROR] WebSocket connection to 'wss://droidclaw.stack.mascott.ai/ws/dashboard' failed: Error during WebSocket handshake: Unexpected response code: 404 @ https://droidclaw-app.stack.mascott.ai/_app/immutable/chunks/ChvOQFd2.js:0
[    9851ms] [ERROR] WebSocket connection to 'wss://droidclaw.stack.mascott.ai/ws/dashboard' failed: Error during WebSocket handshake: Unexpected response code: 404 @ https://droidclaw-app.stack.mascott.ai/_app/immutable/chunks/ChvOQFd2.js:0
[   13392ms] [ERROR] WebSocket connection to 'wss://droidclaw.stack.mascott.ai/ws/dashboard' failed: Error during WebSocket handshake: Unexpected response code: 404 @ https://droidclaw-app.stack.mascott.ai/_app/immutable/chunks/ChvOQFd2.js:0
[   16821ms] [ERROR] WebSocket connection to 'wss://droidclaw.stack.mascott.ai/ws/dashboard' failed: Error during WebSocket handshake: Unexpected response code: 404 @ https://droidclaw-app.stack.mascott.ai/_app/immutable/chunks/ChvOQFd2.js:0
[   20228ms] [ERROR] WebSocket connection to 'wss://droidclaw.stack.mascott.ai/ws/dashboard' failed: Error during WebSocket handshake: Unexpected response code: 404 @ https://droidclaw-app.stack.mascott.ai/_app/immutable/chunks/ChvOQFd2.js:0
[   23645ms] [ERROR] WebSocket connection to 'wss://droidclaw.stack.mascott.ai/ws/dashboard' failed: Error during WebSocket handshake: Unexpected response code: 404 @ https://droidclaw-app.stack.mascott.ai/_app/immutable/chunks/ChvOQFd2.js:0
[   27054ms] [ERROR] WebSocket connection to 'wss://droidclaw.stack.mascott.ai/ws/dashboard' failed: Error during WebSocket handshake: Unexpected response code: 404 @ https://droidclaw-app.stack.mascott.ai/_app/immutable/chunks/ChvOQFd2.js:0
[   30559ms] [ERROR] WebSocket connection to 'wss://droidclaw.stack.mascott.ai/ws/dashboard' failed: Error during WebSocket handshake: Unexpected response code: 404 @ https://droidclaw-app.stack.mascott.ai/_app/immutable/chunks/ChvOQFd2.js:0
[   34101ms] [ERROR] WebSocket connection to 'wss://droidclaw.stack.mascott.ai/ws/dashboard' failed: Error during WebSocket handshake: Unexpected response code: 404 @ https://droidclaw-app.stack.mascott.ai/_app/immutable/chunks/ChvOQFd2.js:0
[   37653ms] [ERROR] WebSocket connection to 'wss://droidclaw.stack.mascott.ai/ws/dashboard' failed: Error during WebSocket handshake: Unexpected response code: 404 @ https://droidclaw-app.stack.mascott.ai/_app/immutable/chunks/ChvOQFd2.js:0
[   41307ms] [ERROR] WebSocket connection to 'wss://droidclaw.stack.mascott.ai/ws/dashboard' failed: Error during WebSocket handshake: Unexpected response code: 404 @ https://droidclaw-app.stack.mascott.ai/_app/immutable/chunks/ChvOQFd2.js:0
[   45253ms] [ERROR] WebSocket connection to 'wss://droidclaw.stack.mascott.ai/ws/dashboard' failed: Error during WebSocket handshake: Unexpected response code: 404 @ https://droidclaw-app.stack.mascott.ai/_app/immutable/chunks/ChvOQFd2.js:0
[   49438ms] [ERROR] WebSocket connection to 'wss://droidclaw.stack.mascott.ai/ws/dashboard' failed: Error during WebSocket handshake: Unexpected response code: 404 @ https://droidclaw-app.stack.mascott.ai/_app/immutable/chunks/ChvOQFd2.js:0
[   54280ms] [ERROR] WebSocket connection to 'wss://droidclaw.stack.mascott.ai/ws/dashboard' failed: Error during WebSocket handshake: Unexpected response code: 404 @ https://droidclaw-app.stack.mascott.ai/_app/immutable/chunks/ChvOQFd2.js:0
[   60746ms] [ERROR] WebSocket connection to 'wss://droidclaw.stack.mascott.ai/ws/dashboard' failed: Error during WebSocket handshake: Unexpected response code: 404 @ https://droidclaw-app.stack.mascott.ai/_app/immutable/chunks/ChvOQFd2.js:0
[   68699ms] [ERROR] WebSocket connection to 'wss://droidclaw.stack.mascott.ai/ws/dashboard' failed: Error during WebSocket handshake: Unexpected response code: 404 @ https://droidclaw-app.stack.mascott.ai/_app/immutable/chunks/ChvOQFd2.js:0
[   73419ms] [ERROR] WebSocket connection to 'wss://droidclaw.stack.mascott.ai/ws/dashboard' failed: Error during WebSocket handshake: Unexpected response code: 404 @ https://droidclaw-app.stack.mascott.ai/_app/immutable/chunks/ChvOQFd2.js:0
[   78524ms] [ERROR] WebSocket connection to 'wss://droidclaw.stack.mascott.ai/ws/dashboard' failed: Error during WebSocket handshake: Unexpected response code: 404 @ https://droidclaw-app.stack.mascott.ai/_app/immutable/chunks/ChvOQFd2.js:0
[   84572ms] [ERROR] WebSocket connection to 'wss://droidclaw.stack.mascott.ai/ws/dashboard' failed: Error during WebSocket handshake: Unexpected response code: 404 @ https://droidclaw-app.stack.mascott.ai/_app/immutable/chunks/ChvOQFd2.js:0
[   92690ms] [ERROR] WebSocket connection to 'wss://droidclaw.stack.mascott.ai/ws/dashboard' failed: Error during WebSocket handshake: Unexpected response code: 404 @ https://droidclaw-app.stack.mascott.ai/_app/immutable/chunks/ChvOQFd2.js:0
[  101319ms] [ERROR] WebSocket connection to 'wss://droidclaw.stack.mascott.ai/ws/dashboard' failed: Error during WebSocket handshake: Unexpected response code: 404 @ https://droidclaw-app.stack.mascott.ai/_app/immutable/chunks/ChvOQFd2.js:0
[  111583ms] [ERROR] WebSocket connection to 'wss://droidclaw.stack.mascott.ai/ws/dashboard' failed: Error during WebSocket handshake: Unexpected response code: 404 @ https://droidclaw-app.stack.mascott.ai/_app/immutable/chunks/ChvOQFd2.js:0
[  119165ms] [ERROR] WebSocket connection to 'wss://droidclaw.stack.mascott.ai/ws/dashboard' failed: Error during WebSocket handshake: Unexpected response code: 404 @ https://droidclaw-app.stack.mascott.ai/_app/immutable/chunks/ChvOQFd2.js:0
[  125198ms] [ERROR] WebSocket connection to 'wss://droidclaw.stack.mascott.ai/ws/dashboard' failed: Error during WebSocket handshake: Unexpected response code: 404 @ https://droidclaw-app.stack.mascott.ai/_app/immutable/chunks/ChvOQFd2.js:0
[  132939ms] [ERROR] WebSocket connection to 'wss://droidclaw.stack.mascott.ai/ws/dashboard' failed: Error during WebSocket handshake: Unexpected response code: 404 @ https://droidclaw-app.stack.mascott.ai/_app/immutable/chunks/ChvOQFd2.js:0
[  139872ms] [ERROR] WebSocket connection to 'wss://droidclaw.stack.mascott.ai/ws/dashboard' failed: Error during WebSocket handshake: Unexpected response code: 404 @ https://droidclaw-app.stack.mascott.ai/_app/immutable/chunks/ChvOQFd2.js:0
[  146981ms] [ERROR] WebSocket connection to 'wss://droidclaw.stack.mascott.ai/ws/dashboard' failed: Error during WebSocket handshake: Unexpected response code: 404 @ https://droidclaw-app.stack.mascott.ai/_app/immutable/chunks/ChvOQFd2.js:0
[  151542ms] [ERROR] WebSocket connection to 'wss://droidclaw.stack.mascott.ai/ws/dashboard' failed: Error during WebSocket handshake: Unexpected response code: 404 @ https://droidclaw-app.stack.mascott.ai/_app/immutable/chunks/ChvOQFd2.js:0
[  158278ms] [ERROR] WebSocket connection to 'wss://droidclaw.stack.mascott.ai/ws/dashboard' failed: Error during WebSocket handshake: Unexpected response code: 404 @ https://droidclaw-app.stack.mascott.ai/_app/immutable/chunks/ChvOQFd2.js:0
[  163732ms] [ERROR] WebSocket connection to 'wss://droidclaw.stack.mascott.ai/ws/dashboard' failed: Error during WebSocket handshake: Unexpected response code: 404 @ https://droidclaw-app.stack.mascott.ai/_app/immutable/chunks/ChvOQFd2.js:0
[  171330ms] [ERROR] WebSocket connection to 'wss://droidclaw.stack.mascott.ai/ws/dashboard' failed: Error during WebSocket handshake: Unexpected response code: 404 @ https://droidclaw-app.stack.mascott.ai/_app/immutable/chunks/ChvOQFd2.js:0
[  177792ms] [ERROR] WebSocket connection to 'wss://droidclaw.stack.mascott.ai/ws/dashboard' failed: Error during WebSocket handshake: Unexpected response code: 404 @ https://droidclaw-app.stack.mascott.ai/_app/immutable/chunks/ChvOQFd2.js:0
[  182870ms] [ERROR] WebSocket connection to 'wss://droidclaw.stack.mascott.ai/ws/dashboard' failed: Error during WebSocket handshake: Unexpected response code: 404 @ https://droidclaw-app.stack.mascott.ai/_app/immutable/chunks/ChvOQFd2.js:0
[  190206ms] [ERROR] WebSocket connection to 'wss://droidclaw.stack.mascott.ai/ws/dashboard' failed: Error during WebSocket handshake: Unexpected response code: 404 @ https://droidclaw-app.stack.mascott.ai/_app/immutable/chunks/ChvOQFd2.js:0
[  198075ms] [ERROR] WebSocket connection to 'wss://droidclaw.stack.mascott.ai/ws/dashboard' failed: Error during WebSocket handshake: Unexpected response code: 404 @ https://droidclaw-app.stack.mascott.ai/_app/immutable/chunks/ChvOQFd2.js:0
[  202962ms] [ERROR] WebSocket connection to 'wss://droidclaw.stack.mascott.ai/ws/dashboard' failed: Error during WebSocket handshake: Unexpected response code: 404 @ https://droidclaw-app.stack.mascott.ai/_app/immutable/chunks/ChvOQFd2.js:0
[  211313ms] [ERROR] WebSocket connection to 'wss://droidclaw.stack.mascott.ai/ws/dashboard' failed: Error during WebSocket handshake: Unexpected response code: 404 @ https://droidclaw-app.stack.mascott.ai/_app/immutable/chunks/ChvOQFd2.js:0
[  217759ms] [ERROR] WebSocket connection to 'wss://droidclaw.stack.mascott.ai/ws/dashboard' failed: Error during WebSocket handshake: Unexpected response code: 404 @ https://droidclaw-app.stack.mascott.ai/_app/immutable/chunks/ChvOQFd2.js:0
[  225724ms] [ERROR] WebSocket connection to 'wss://droidclaw.stack.mascott.ai/ws/dashboard' failed: Error during WebSocket handshake: Unexpected response code: 404 @ https://droidclaw-app.stack.mascott.ai/_app/immutable/chunks/ChvOQFd2.js:0
[  230724ms] [ERROR] WebSocket connection to 'wss://droidclaw.stack.mascott.ai/ws/dashboard' failed: Error during WebSocket handshake: Unexpected response code: 404 @ https://droidclaw-app.stack.mascott.ai/_app/immutable/chunks/ChvOQFd2.js:0
[  239127ms] [ERROR] WebSocket connection to 'wss://droidclaw.stack.mascott.ai/ws/dashboard' failed: Error during WebSocket handshake: Unexpected response code: 404 @ https://droidclaw-app.stack.mascott.ai/_app/immutable/chunks/ChvOQFd2.js:0
[  246961ms] [ERROR] WebSocket connection to 'wss://droidclaw.stack.mascott.ai/ws/dashboard' failed: Error during WebSocket handshake: Unexpected response code: 404 @ https://droidclaw-app.stack.mascott.ai/_app/immutable/chunks/ChvOQFd2.js:0
[  251441ms] [ERROR] WebSocket connection to 'wss://droidclaw.stack.mascott.ai/ws/dashboard' failed: Error during WebSocket handshake: Unexpected response code: 404 @ https://droidclaw-app.stack.mascott.ai/_app/immutable/chunks/ChvOQFd2.js:0
[  259802ms] [ERROR] WebSocket connection to 'wss://droidclaw.stack.mascott.ai/ws/dashboard' failed: Error during WebSocket handshake: Unexpected response code: 404 @ https://droidclaw-app.stack.mascott.ai/_app/immutable/chunks/ChvOQFd2.js:0
[  267537ms] [ERROR] WebSocket connection to 'wss://droidclaw.stack.mascott.ai/ws/dashboard' failed: Error during WebSocket handshake: Unexpected response code: 404 @ https://droidclaw-app.stack.mascott.ai/_app/immutable/chunks/ChvOQFd2.js:0
[  274229ms] [ERROR] WebSocket connection to 'wss://droidclaw.stack.mascott.ai/ws/dashboard' failed: Error during WebSocket handshake: Unexpected response code: 404 @ https://droidclaw-app.stack.mascott.ai/_app/immutable/chunks/ChvOQFd2.js:0
[  281954ms] [ERROR] WebSocket connection to 'wss://droidclaw.stack.mascott.ai/ws/dashboard' failed: Error during WebSocket handshake: Unexpected response code: 404 @ https://droidclaw-app.stack.mascott.ai/_app/immutable/chunks/ChvOQFd2.js:0
[  286702ms] [ERROR] WebSocket connection to 'wss://droidclaw.stack.mascott.ai/ws/dashboard' failed: Error during WebSocket handshake: Unexpected response code: 404 @ https://droidclaw-app.stack.mascott.ai/_app/immutable/chunks/ChvOQFd2.js:0
[  291672ms] [ERROR] WebSocket connection to 'wss://droidclaw.stack.mascott.ai/ws/dashboard' failed: Error during WebSocket handshake: Unexpected response code: 404 @ https://droidclaw-app.stack.mascott.ai/_app/immutable/chunks/ChvOQFd2.js:0
[  347725ms] TypeError: Cannot read properties of undefined (reading 'f')
    at _e (https://droidclaw-app.stack.mascott.ai/_app/immutable/chunks/SpDE6rzz.js:1:21997)
    at https://droidclaw-app.stack.mascott.ai/_app/immutable/nodes/7.fke0tlrB.js:13:2246
    at https://droidclaw-app.stack.mascott.ai/_app/immutable/chunks/BtVrY6k-.js:1:500
    at Bt (https://droidclaw-app.stack.mascott.ai/_app/immutable/chunks/SpDE6rzz.js:1:20654)
    at pe (https://droidclaw-app.stack.mascott.ai/_app/immutable/chunks/SpDE6rzz.js:1:21723)
    at L (https://droidclaw-app.stack.mascott.ai/_app/immutable/chunks/SpDE6rzz.js:1:17093)
    at ss (https://droidclaw-app.stack.mascott.ai/_app/immutable/chunks/SpDE6rzz.js:1:17983)
    at ae (https://droidclaw-app.stack.mascott.ai/_app/immutable/chunks/BtVrY6k-.js:1:484)
    at https://droidclaw-app.stack.mascott.ai/_app/immutable/nodes/7.fke0tlrB.js:13:2228
    at https://droidclaw-app.stack.mascott.ai/_app/immutable/chunks/CoEZsgAR.js:1:295
[  347730ms] TypeError: Cannot read properties of undefined (reading 'f')
    at _e (https://droidclaw-app.stack.mascott.ai/_app/immutable/chunks/SpDE6rzz.js:1:21997)
    at https://droidclaw-app.stack.mascott.ai/_app/immutable/nodes/7.fke0tlrB.js:13:2246
    at https://droidclaw-app.stack.mascott.ai/_app/immutable/chunks/BtVrY6k-.js:1:500
    at Bt (https://droidclaw-app.stack.mascott.ai/_app/immutable/chunks/SpDE6rzz.js:1:20654)
    at pe (https://droidclaw-app.stack.mascott.ai/_app/immutable/chunks/SpDE6rzz.js:1:21723)
    at L (https://droidclaw-app.stack.mascott.ai/_app/immutable/chunks/SpDE6rzz.js:1:17093)
    at ss (https://droidclaw-app.stack.mascott.ai/_app/immutable/chunks/SpDE6rzz.js:1:17983)
    at ae (https://droidclaw-app.stack.mascott.ai/_app/immutable/chunks/BtVrY6k-.js:1:484)
    at https://droidclaw-app.stack.mascott.ai/_app/immutable/nodes/7.fke0tlrB.js:13:2228
    at https://droidclaw-app.stack.mascott.ai/_app/immutable/chunks/CoEZsgAR.js:1:295
[  347733ms] TypeError: Cannot read properties of undefined (reading 'f')
    at _e (https://droidclaw-app.stack.mascott.ai/_app/immutable/chunks/SpDE6rzz.js:1:21997)
    at https://droidclaw-app.stack.mascott.ai/_app/immutable/nodes/7.fke0tlrB.js:13:2246
    at https://droidclaw-app.stack.mascott.ai/_app/immutable/chunks/BtVrY6k-.js:1:500
    at Bt (https://droidclaw-app.stack.mascott.ai/_app/immutable/chunks/SpDE6rzz.js:1:20654)
    at pe (https://droidclaw-app.stack.mascott.ai/_app/immutable/chunks/SpDE6rzz.js:1:21723)
    at L (https://droidclaw-app.stack.mascott.ai/_app/immutable/chunks/SpDE6rzz.js:1:17093)
    at ss (https://droidclaw-app.stack.mascott.ai/_app/immutable/chunks/SpDE6rzz.js:1:17983)
    at ae (https://droidclaw-app.stack.mascott.ai/_app/immutable/chunks/BtVrY6k-.js:1:484)
    at https://droidclaw-app.stack.mascott.ai/_app/immutable/nodes/7.fke0tlrB.js:13:2228
    at https://droidclaw-app.stack.mascott.ai/_app/immutable/chunks/CoEZsgAR.js:1:295
