[   63549ms] TypeError: Cannot read properties of undefined (reading 'f')
    at _e (https://droidclaw-app.stack.mascott.ai/_app/immutable/chunks/SpDE6rzz.js:1:21997)
    at https://droidclaw-app.stack.mascott.ai/_app/immutable/nodes/7.BJwhyr5H.js:13:2246
    at https://droidclaw-app.stack.mascott.ai/_app/immutable/chunks/BtVrY6k-.js:1:500
    at Bt (https://droidclaw-app.stack.mascott.ai/_app/immutable/chunks/SpDE6rzz.js:1:20654)
    at pe (https://droidclaw-app.stack.mascott.ai/_app/immutable/chunks/SpDE6rzz.js:1:21723)
    at L (https://droidclaw-app.stack.mascott.ai/_app/immutable/chunks/SpDE6rzz.js:1:17093)
    at ss (https://droidclaw-app.stack.mascott.ai/_app/immutable/chunks/SpDE6rzz.js:1:17983)
    at ae (https://droidclaw-app.stack.mascott.ai/_app/immutable/chunks/BtVrY6k-.js:1:484)
    at https://droidclaw-app.stack.mascott.ai/_app/immutable/nodes/7.BJwhyr5H.js:13:2228
    at https://droidclaw-app.stack.mascott.ai/_app/immutable/chunks/CoEZsgAR.js:1:295
[   63574ms] TypeError: Cannot read properties of undefined (reading 'f')
    at _e (https://droidclaw-app.stack.mascott.ai/_app/immutable/chunks/SpDE6rzz.js:1:21997)
    at https://droidclaw-app.stack.mascott.ai/_app/immutable/nodes/7.BJwhyr5H.js:13:2246
    at https://droidclaw-app.stack.mascott.ai/_app/immutable/chunks/BtVrY6k-.js:1:500
    at Bt (https://droidclaw-app.stack.mascott.ai/_app/immutable/chunks/SpDE6rzz.js:1:20654)
    at pe (https://droidclaw-app.stack.mascott.ai/_app/immutable/chunks/SpDE6rzz.js:1:21723)
    at L (https://droidclaw-app.stack.mascott.ai/_app/immutable/chunks/SpDE6rzz.js:1:17093)
    at ss (https://droidclaw-app.stack.mascott.ai/_app/immutable/chunks/SpDE6rzz.js:1:17983)
    at ae (https://droidclaw-app.stack.mascott.ai/_app/immutable/chunks/BtVrY6k-.js:1:484)
    at https://droidclaw-app.stack.mascott.ai/_app/immutable/nodes/7.BJwhyr5H.js:13:2228
    at https://droidclaw-app.stack.mascott.ai/_app/immutable/chunks/CoEZsgAR.js:1:295
[   63578ms] TypeError: Cannot read properties of undefined (reading 'f')
    at _e (https://droidclaw-app.stack.mascott.ai/_app/immutable/chunks/SpDE6rzz.js:1:21997)
    at https://droidclaw-app.stack.mascott.ai/_app/immutable/nodes/7.BJwhyr5H.js:13:2246
    at https://droidclaw-app.stack.mascott.ai/_app/immutable/chunks/BtVrY6k-.js:1:500
    at Bt (https://droidclaw-app.stack.mascott.ai/_app/immutable/chunks/SpDE6rzz.js:1:20654)
    at pe (https://droidclaw-app.stack.mascott.ai/_app/immutable/chunks/SpDE6rzz.js:1:21723)
    at L (https://droidclaw-app.stack.mascott.ai/_app/immutable/chunks/SpDE6rzz.js:1:17093)
    at ss (https://droidclaw-app.stack.mascott.ai/_app/immutable/chunks/SpDE6rzz.js:1:17983)
    at ae (https://droidclaw-app.stack.mascott.ai/_app/immutable/chunks/BtVrY6k-.js:1:484)
    at https://droidclaw-app.stack.mascott.ai/_app/immutable/nodes/7.BJwhyr5H.js:13:2228
    at https://droidclaw-app.stack.mascott.ai/_app/immutable/chunks/CoEZsgAR.js:1:295
