[   13673ms] TypeError: Cannot read properties of undefined (reading 'f')
    at _e (https://droidclaw-app.stack.mascott.ai/_app/immutable/chunks/SpDE6rzz.js:1:21997)
    at https://droidclaw-app.stack.mascott.ai/_app/immutable/nodes/7.jtYT4Wzm.js:9:4840
    at https://droidclaw-app.stack.mascott.ai/_app/immutable/chunks/BtVrY6k-.js:1:500
    at Bt (https://droidclaw-app.stack.mascott.ai/_app/immutable/chunks/SpDE6rzz.js:1:20654)
    at pe (https://droidclaw-app.stack.mascott.ai/_app/immutable/chunks/SpDE6rzz.js:1:21723)
    at L (https://droidclaw-app.stack.mascott.ai/_app/immutable/chunks/SpDE6rzz.js:1:17093)
    at ss (https://droidclaw-app.stack.mascott.ai/_app/immutable/chunks/SpDE6rzz.js:1:17983)
    at ae (https://droidclaw-app.stack.mascott.ai/_app/immutable/chunks/BtVrY6k-.js:1:484)
    at https://droidclaw-app.stack.mascott.ai/_app/immutable/nodes/7.jtYT4Wzm.js:9:4820
    at https://droidclaw-app.stack.mascott.ai/_app/immutable/chunks/Bu6LarMt.js:1:4103
[   96116ms] TypeError: Cannot read properties of undefined (reading 'f')
    at _e (https://droidclaw-app.stack.mascott.ai/_app/immutable/chunks/SpDE6rzz.js:1:21997)
    at https://droidclaw-app.stack.mascott.ai/_app/immutable/nodes/7.jtYT4Wzm.js:9:4840
    at https://droidclaw-app.stack.mascott.ai/_app/immutable/chunks/BtVrY6k-.js:1:500
    at Bt (https://droidclaw-app.stack.mascott.ai/_app/immutable/chunks/SpDE6rzz.js:1:20654)
    at pe (https://droidclaw-app.stack.mascott.ai/_app/immutable/chunks/SpDE6rzz.js:1:21723)
    at L (https://droidclaw-app.stack.mascott.ai/_app/immutable/chunks/SpDE6rzz.js:1:17093)
    at ss (https://droidclaw-app.stack.mascott.ai/_app/immutable/chunks/SpDE6rzz.js:1:17983)
    at ae (https://droidclaw-app.stack.mascott.ai/_app/immutable/chunks/BtVrY6k-.js:1:484)
    at https://droidclaw-app.stack.mascott.ai/_app/immutable/nodes/7.jtYT4Wzm.js:9:4820
    at https://droidclaw-app.stack.mascott.ai/_app/immutable/chunks/Bu6LarMt.js:1:4103
[  320462ms] [ERROR] WebSocket connection to 'wss://droidclaw.stack.mascott.ai/ws/dashboard' failed: Error during WebSocket handshake: Unexpected response code: 404 @ https://droidclaw-app.stack.mascott.ai/_app/immutable/chunks/YkDJJNjs.js:0
